server does not have extension for -dpms option

(chrome:27282): Gtk-WARNING **: 02:08:31.739: GTK+ module /snap/chromium/3250/gnome-platform/usr/lib/gtk-2.0/modules/libcanberra-gtk-module.so cannot be loaded.
GTK+ 2.x symbols detected. Using GTK+ 2.x and GTK+ 3 in the same process is not supported.
Gtk-Message: 02:08:31.740: Failed to load module "canberra-gtk-module"

(chrome:27282): Gtk-WARNING **: 02:08:31.745: GTK+ module /snap/chromium/3250/gnome-platform/usr/lib/gtk-2.0/modules/libcanberra-gtk-module.so cannot be loaded.
GTK+ 2.x symbols detected. Using GTK+ 2.x and GTK+ 3 in the same process is not supported.
Gtk-Message: 02:08:31.745: Failed to load module "canberra-gtk-module"
[27282:27448:1002/020835.321136:ERROR:google_apis/gcm/engine/registration_request.cc:291] Registration response error message: DEPRECATED_ENDPOINT
[27282:27448:1002/020858.919338:ERROR:google_apis/gcm/engine/registration_request.cc:291] Registration response error message: DEPRECATED_ENDPOINT
[27474:27474:1002/020859.385689:ERROR:ui/gl/gl_surface_presentation_helper.cc:260] GetVSyncParametersIfAvailable() failed for 1 times!
[27474:27474:1002/020904.636529:ERROR:ui/gl/gl_surface_presentation_helper.cc:260] GetVSyncParametersIfAvailable() failed for 2 times!
[27474:27474:1002/020906.706864:ERROR:ui/gl/egl_util.cc:92] EGL Driver message (Error) eglGetMscRateANGLE: glXGetMscRateOML failed.
[27474:27474:1002/020906.720577:ERROR:ui/gl/egl_util.cc:92] EGL Driver message (Error) eglGetMscRateANGLE: glXGetMscRateOML failed.
[27474:27474:1002/020908.102469:ERROR:ui/gl/gl_surface_presentation_helper.cc:260] GetVSyncParametersIfAvailable() failed for 3 times!
[27474:27474:1002/020908.983872:ERROR:ui/gl/egl_util.cc:92] EGL Driver message (Error) eglGetMscRateANGLE: glXGetMscRateOML failed.
[27474:27474:1002/020908.991129:ERROR:ui/gl/egl_util.cc:92] EGL Driver message (Error) eglGetMscRateANGLE: glXGetMscRateOML failed.
[27474:27474:1002/020910.043559:ERROR:ui/gl/egl_util.cc:92] EGL Driver message (Error) eglGetMscRateANGLE: glXGetMscRateOML failed.
[27474:27474:1002/020915.283878:ERROR:ui/gl/egl_util.cc:92] EGL Driver message (Error) eglGetMscRateANGLE: glXGetMscRateOML failed.
[27474:27474:1002/020915.287289:ERROR:ui/gl/egl_util.cc:92] EGL Driver message (Error) eglGetMscRateANGLE: glXGetMscRateOML failed.
[27474:27474:1002/020915.288927:ERROR:ui/gl/egl_util.cc:92] EGL Driver message (Error) eglGetMscRateANGLE: glXGetMscRateOML failed.
[27474:27474:1002/020916.137403:ERROR:ui/gl/egl_util.cc:92] EGL Driver message (Error) eglGetMscRateANGLE: glXGetMscRateOML failed.
[27282:27448:1002/020939.444409:ERROR:google_apis/gcm/engine/registration_request.cc:291] Registration response error message: DEPRECATED_ENDPOINT
[27474:27474:1002/020957.285956:ERROR:ui/gl/egl_util.cc:92] EGL Driver message (Error) eglGetMscRateANGLE: glXGetMscRateOML failed.
[27474:27474:1002/020957.297874:ERROR:ui/gl/egl_util.cc:92] EGL Driver message (Error) eglGetMscRateANGLE: glXGetMscRateOML failed.
[27474:27474:1002/021000.485024:ERROR:ui/gl/egl_util.cc:92] EGL Driver message (Error) eglGetMscRateANGLE: glXGetMscRateOML failed.
[27474:27474:1002/021000.489203:ERROR:ui/gl/egl_util.cc:92] EGL Driver message (Error) eglGetMscRateANGLE: glXGetMscRateOML failed.
[27474:27474:1002/021001.502087:ERROR:ui/gl/egl_util.cc:92] EGL Driver message (Error) eglGetMscRateANGLE: glXGetMscRateOML failed.
[27474:27474:1002/021001.547713:ERROR:ui/gl/egl_util.cc:92] EGL Driver message (Error) eglGetMscRateANGLE: glXGetMscRateOML failed.
[27474:27474:1002/021002.854184:ERROR:ui/gl/egl_util.cc:92] EGL Driver message (Error) eglGetMscRateANGLE: glXGetMscRateOML failed.
[27474:27474:1002/021003.351114:ERROR:ui/gl/egl_util.cc:92] EGL Driver message (Error) eglGetMscRateANGLE: glXGetMscRateOML failed.
[27474:27474:1002/021003.362703:ERROR:ui/gl/egl_util.cc:92] EGL Driver message (Error) eglGetMscRateANGLE: glXGetMscRateOML failed.
[27474:27474:1002/021003.626994:ERROR:ui/gl/egl_util.cc:92] EGL Driver message (Error) eglGetMscRateANGLE: glXGetMscRateOML failed.
[27474:27474:1002/021004.132535:ERROR:ui/gl/egl_util.cc:92] EGL Driver message (Error) eglGetMscRateANGLE: glXGetMscRateOML failed.
[27474:27474:1002/021006.071588:ERROR:ui/gl/egl_util.cc:92] EGL Driver message (Error) eglGetMscRateANGLE: glXGetMscRateOML failed.
[27474:27474:1002/021006.115804:ERROR:ui/gl/egl_util.cc:92] EGL Driver message (Error) eglGetMscRateANGLE: glXGetMscRateOML failed.
[27474:27474:1002/021007.303571:ERROR:ui/gl/egl_util.cc:92] EGL Driver message (Error) eglGetMscRateANGLE: glXGetMscRateOML failed.
[27474:27474:1002/021007.320301:ERROR:ui/gl/egl_util.cc:92] EGL Driver message (Error) eglGetMscRateANGLE: glXGetMscRateOML failed.
[27474:27474:1002/021007.332051:ERROR:ui/gl/egl_util.cc:92] EGL Driver message (Error) eglGetMscRateANGLE: glXGetMscRateOML failed.
[27474:27474:1002/021007.348840:ERROR:ui/gl/egl_util.cc:92] EGL Driver message (Error) eglGetMscRateANGLE: glXGetMscRateOML failed.
[27474:27474:1002/021032.687682:ERROR:ui/gl/egl_util.cc:92] EGL Driver message (Error) eglGetMscRateANGLE: glXGetMscRateOML failed.
[27474:27474:1002/021032.701618:ERROR:ui/gl/egl_util.cc:92] EGL Driver message (Error) eglGetMscRateANGLE: glXGetMscRateOML failed.
[27474:27474:1002/021035.004685:ERROR:ui/gl/egl_util.cc:92] EGL Driver message (Error) eglGetMscRateANGLE: glXGetMscRateOML failed.
[27474:27474:1002/021035.011728:ERROR:ui/gl/egl_util.cc:92] EGL Driver message (Error) eglGetMscRateANGLE: glXGetMscRateOML failed.
[27474:27474:1002/021035.805646:ERROR:ui/gl/egl_util.cc:92] EGL Driver message (Error) eglGetMscRateANGLE: glXGetMscRateOML failed.
[27474:27474:1002/021035.828276:ERROR:ui/gl/egl_util.cc:92] EGL Driver message (Error) eglGetMscRateANGLE: glXGetMscRateOML failed.
[27474:27474:1002/021035.844742:ERROR:ui/gl/egl_util.cc:92] EGL Driver message (Error) eglGetMscRateANGLE: glXGetMscRateOML failed.
[27474:27474:1002/021035.912806:ERROR:ui/gl/egl_util.cc:92] EGL Driver message (Error) eglGetMscRateANGLE: glXGetMscRateOML failed.
[27474:27474:1002/021041.367964:ERROR:ui/gl/egl_util.cc:92] EGL Driver message (Error) eglGetMscRateANGLE: glXGetMscRateOML failed.
[27474:27474:1002/021041.376696:ERROR:ui/gl/egl_util.cc:92] EGL Driver message (Error) eglGetMscRateANGLE: glXGetMscRateOML failed.
[27474:27474:1002/021041.392473:ERROR:ui/gl/egl_util.cc:92] EGL Driver message (Error) eglGetMscRateANGLE: glXGetMscRateOML failed.
[27282:27448:1002/021117.850696:ERROR:google_apis/gcm/engine/registration_request.cc:291] Registration response error message: DEPRECATED_ENDPOINT
[27282:27448:1002/021454.234309:ERROR:google_apis/gcm/engine/registration_request.cc:291] Registration response error message: DEPRECATED_ENDPOINT
[27474:27474:1002/021956.129398:ERROR:ui/gl/egl_util.cc:92] EGL Driver message (Error) eglGetMscRateANGLE: glXGetMscRateOML failed.
[27474:27474:1002/021956.135111:ERROR:ui/gl/egl_util.cc:92] EGL Driver message (Error) eglGetMscRateANGLE: glXGetMscRateOML failed.
[27474:27474:1002/021956.143817:ERROR:ui/gl/egl_util.cc:92] EGL Driver message (Error) eglGetMscRateANGLE: glXGetMscRateOML failed.
[27474:27474:1002/021959.472983:ERROR:ui/gl/egl_util.cc:92] EGL Driver message (Error) eglGetMscRateANGLE: glXGetMscRateOML failed.
[27474:27474:1002/021959.502090:ERROR:ui/gl/egl_util.cc:92] EGL Driver message (Error) eglGetMscRateANGLE: glXGetMscRateOML failed.
[27474:27474:1002/021959.508547:ERROR:ui/gl/egl_util.cc:92] EGL Driver message (Error) eglGetMscRateANGLE: glXGetMscRateOML failed.
[27474:27474:1002/021959.567649:ERROR:ui/gl/egl_util.cc:92] EGL Driver message (Error) eglGetMscRateANGLE: glXGetMscRateOML failed.
[27474:27474:1002/022002.003576:ERROR:ui/gl/egl_util.cc:92] EGL Driver message (Error) eglGetMscRateANGLE: glXGetMscRateOML failed.
[27474:27474:1002/022002.008633:ERROR:ui/gl/egl_util.cc:92] EGL Driver message (Error) eglGetMscRateANGLE: glXGetMscRateOML failed.
[27474:27474:1002/022002.009793:ERROR:ui/gl/egl_util.cc:92] EGL Driver message (Error) eglGetMscRateANGLE: glXGetMscRateOML failed.
[27474:27474:1002/022004.906424:ERROR:ui/gl/egl_util.cc:92] EGL Driver message (Error) eglGetMscRateANGLE: glXGetMscRateOML failed.
[27474:27474:1002/022004.917999:ERROR:ui/gl/egl_util.cc:92] EGL Driver message (Error) eglGetMscRateANGLE: glXGetMscRateOML failed.
[27474:27474:1002/022004.931529:ERROR:ui/gl/egl_util.cc:92] EGL Driver message (Error) eglGetMscRateANGLE: glXGetMscRateOML failed.
[27474:27474:1002/022005.187071:ERROR:ui/gl/egl_util.cc:92] EGL Driver message (Error) eglGetMscRateANGLE: glXGetMscRateOML failed.
[27282:27448:1002/022036.525395:ERROR:google_apis/gcm/engine/registration_request.cc:291] Registration response error message: DEPRECATED_ENDPOINT
[27474:27474:1002/022112.985452:ERROR:ui/gl/egl_util.cc:92] EGL Driver message (Error) eglGetMscRateANGLE: glXGetMscRateOML failed.
[27474:27474:1002/022113.020177:ERROR:ui/gl/egl_util.cc:92] EGL Driver message (Error) eglGetMscRateANGLE: glXGetMscRateOML failed.
[27474:27474:1002/022113.029150:ERROR:ui/gl/egl_util.cc:92] EGL Driver message (Error) eglGetMscRateANGLE: glXGetMscRateOML failed.
[27474:27474:1002/022114.294424:ERROR:ui/gl/egl_util.cc:92] EGL Driver message (Error) eglGetMscRateANGLE: glXGetMscRateOML failed.
[27474:27474:1002/022115.683816:ERROR:ui/gl/egl_util.cc:92] EGL Driver message (Error) eglGetMscRateANGLE: glXGetMscRateOML failed.
[27474:27474:1002/022118.816238:ERROR:ui/gl/egl_util.cc:92] EGL Driver message (Error) eglGetMscRateANGLE: glXGetMscRateOML failed.
[27474:27474:1002/022118.836270:ERROR:ui/gl/egl_util.cc:92] EGL Driver message (Error) eglGetMscRateANGLE: glXGetMscRateOML failed.
[27474:27474:1002/022118.842125:ERROR:ui/gl/egl_util.cc:92] EGL Driver message (Error) eglGetMscRateANGLE: glXGetMscRateOML failed.
[27474:27474:1002/022118.862648:ERROR:ui/gl/egl_util.cc:92] EGL Driver message (Error) eglGetMscRateANGLE: glXGetMscRateOML failed.
[27474:27474:1002/022118.869520:ERROR:ui/gl/egl_util.cc:92] EGL Driver message (Error) eglGetMscRateANGLE: glXGetMscRateOML failed.
[27474:27474:1002/022118.882791:ERROR:ui/gl/egl_util.cc:92] EGL Driver message (Error) eglGetMscRateANGLE: glXGetMscRateOML failed.
[27474:27474:1002/022118.899791:ERROR:ui/gl/egl_util.cc:92] EGL Driver message (Error) eglGetMscRateANGLE: glXGetMscRateOML failed.
[27474:27474:1002/022118.915687:ERROR:ui/gl/egl_util.cc:92] EGL Driver message (Error) eglGetMscRateANGLE: glXGetMscRateOML failed.
[27474:27474:1002/022118.951195:ERROR:ui/gl/egl_util.cc:92] EGL Driver message (Error) eglGetMscRateANGLE: glXGetMscRateOML failed.
[27474:27474:1002/022118.973393:ERROR:ui/gl/egl_util.cc:92] EGL Driver message (Error) eglGetMscRateANGLE: glXGetMscRateOML failed.
[27474:27474:1002/022119.000421:ERROR:ui/gl/egl_util.cc:92] EGL Driver message (Error) eglGetMscRateANGLE: glXGetMscRateOML failed.
[27474:27474:1002/022119.026036:ERROR:ui/gl/egl_util.cc:92] EGL Driver message (Error) eglGetMscRateANGLE: glXGetMscRateOML failed.
[27474:27474:1002/022119.052323:ERROR:ui/gl/egl_util.cc:92] EGL Driver message (Error) eglGetMscRateANGLE: glXGetMscRateOML failed.
[27474:27474:1002/022119.072619:ERROR:ui/gl/egl_util.cc:92] EGL Driver message (Error) eglGetMscRateANGLE: glXGetMscRateOML failed.
[27474:27474:1002/022119.085557:ERROR:ui/gl/egl_util.cc:92] EGL Driver message (Error) eglGetMscRateANGLE: glXGetMscRateOML failed.
[27474:27474:1002/022119.103193:ERROR:ui/gl/egl_util.cc:92] EGL Driver message (Error) eglGetMscRateANGLE: glXGetMscRateOML failed.
[27474:27474:1002/022119.124782:ERROR:ui/gl/egl_util.cc:92] EGL Driver message (Error) eglGetMscRateANGLE: glXGetMscRateOML failed.
[27474:27474:1002/022119.139549:ERROR:ui/gl/egl_util.cc:92] EGL Driver message (Error) eglGetMscRateANGLE: glXGetMscRateOML failed.
[27474:27474:1002/022119.153545:ERROR:ui/gl/egl_util.cc:92] EGL Driver message (Error) eglGetMscRateANGLE: glXGetMscRateOML failed.
[27474:27474:1002/022119.160633:ERROR:ui/gl/egl_util.cc:92] EGL Driver message (Error) eglGetMscRateANGLE: glXGetMscRateOML failed.
[27474:27474:1002/022119.169822:ERROR:ui/gl/egl_util.cc:92] EGL Driver message (Error) eglGetMscRateANGLE: glXGetMscRateOML failed.
[27474:27474:1002/022119.187557:ERROR:ui/gl/egl_util.cc:92] EGL Driver message (Error) eglGetMscRateANGLE: glXGetMscRateOML failed.
[27474:27474:1002/022119.205625:ERROR:ui/gl/egl_util.cc:92] EGL Driver message (Error) eglGetMscRateANGLE: glXGetMscRateOML failed.
[27474:27474:1002/022121.557648:ERROR:ui/gl/egl_util.cc:92] EGL Driver message (Error) eglGetMscRateANGLE: glXGetMscRateOML failed.
[27474:27474:1002/022121.566094:ERROR:ui/gl/egl_util.cc:92] EGL Driver message (Error) eglGetMscRateANGLE: glXGetMscRateOML failed.
[27474:27474:1002/022224.311796:ERROR:ui/gl/egl_util.cc:92] EGL Driver message (Error) eglGetMscRateANGLE: glXGetMscRateOML failed.
[27474:27474:1002/022229.543875:ERROR:ui/gl/egl_util.cc:92] EGL Driver message (Error) eglGetMscRateANGLE: glXGetMscRateOML failed.
[27474:27474:1002/022229.876629:ERROR:ui/gl/egl_util.cc:92] EGL Driver message (Error) eglGetMscRateANGLE: glXGetMscRateOML failed.
[27474:27474:1002/022229.889898:ERROR:ui/gl/egl_util.cc:92] EGL Driver message (Error) eglGetMscRateANGLE: glXGetMscRateOML failed.
[27474:27474:1002/022229.905615:ERROR:ui/gl/egl_util.cc:92] EGL Driver message (Error) eglGetMscRateANGLE: glXGetMscRateOML failed.
[27474:27474:1002/022230.150379:ERROR:ui/gl/egl_util.cc:92] EGL Driver message (Error) eglGetMscRateANGLE: glXGetMscRateOML failed.
[27474:27474:1002/022232.353160:ERROR:ui/gl/egl_util.cc:92] EGL Driver message (Error) eglGetMscRateANGLE: glXGetMscRateOML failed.
[27474:27474:1002/022232.787489:ERROR:ui/gl/egl_util.cc:92] EGL Driver message (Error) eglGetMscRateANGLE: glXGetMscRateOML failed.
[27474:27474:1002/022232.794089:ERROR:ui/gl/egl_util.cc:92] EGL Driver message (Error) eglGetMscRateANGLE: glXGetMscRateOML failed.
[27474:27474:1002/022232.814679:ERROR:ui/gl/egl_util.cc:92] EGL Driver message (Error) eglGetMscRateANGLE: glXGetMscRateOML failed.
[27474:27474:1002/022232.829589:ERROR:ui/gl/egl_util.cc:92] EGL Driver message (Error) eglGetMscRateANGLE: glXGetMscRateOML failed.
[27474:27474:1002/022232.860336:ERROR:ui/gl/egl_util.cc:92] EGL Driver message (Error) eglGetMscRateANGLE: glXGetMscRateOML failed.
[27474:27474:1002/022232.877153:ERROR:ui/gl/egl_util.cc:92] EGL Driver message (Error) eglGetMscRateANGLE: glXGetMscRateOML failed.
[27474:27474:1002/022232.885435:ERROR:ui/gl/egl_util.cc:92] EGL Driver message (Error) eglGetMscRateANGLE: glXGetMscRateOML failed.
[27474:27474:1002/022232.902616:ERROR:ui/gl/egl_util.cc:92] EGL Driver message (Error) eglGetMscRateANGLE: glXGetMscRateOML failed.
[27474:27474:1002/022232.915941:ERROR:ui/gl/egl_util.cc:92] EGL Driver message (Error) eglGetMscRateANGLE: glXGetMscRateOML failed.
[27474:27474:1002/022232.932823:ERROR:ui/gl/egl_util.cc:92] EGL Driver message (Error) eglGetMscRateANGLE: glXGetMscRateOML failed.
[27474:27474:1002/022232.941673:ERROR:ui/gl/egl_util.cc:92] EGL Driver message (Error) eglGetMscRateANGLE: glXGetMscRateOML failed.
[27474:27474:1002/022232.965736:ERROR:ui/gl/egl_util.cc:92] EGL Driver message (Error) eglGetMscRateANGLE: glXGetMscRateOML failed.
[27474:27474:1002/022233.004017:ERROR:ui/gl/egl_util.cc:92] EGL Driver message (Error) eglGetMscRateANGLE: glXGetMscRateOML failed.
[27474:27474:1002/022233.015835:ERROR:ui/gl/egl_util.cc:92] EGL Driver message (Error) eglGetMscRateANGLE: glXGetMscRateOML failed.
[27474:27474:1002/022233.038133:ERROR:ui/gl/egl_util.cc:92] EGL Driver message (Error) eglGetMscRateANGLE: glXGetMscRateOML failed.
[27474:27474:1002/022233.048205:ERROR:ui/gl/egl_util.cc:92] EGL Driver message (Error) eglGetMscRateANGLE: glXGetMscRateOML failed.
[27474:27474:1002/022233.161374:ERROR:ui/gl/egl_util.cc:92] EGL Driver message (Error) eglGetMscRateANGLE: glXGetMscRateOML failed.
[27474:27474:1002/022233.268400:ERROR:ui/gl/egl_util.cc:92] EGL Driver message (Error) eglGetMscRateANGLE: glXGetMscRateOML failed.
[27474:27474:1002/022233.363145:ERROR:ui/gl/egl_util.cc:92] EGL Driver message (Error) eglGetMscRateANGLE: glXGetMscRateOML failed.
[27474:27474:1002/022233.395233:ERROR:ui/gl/egl_util.cc:92] EGL Driver message (Error) eglGetMscRateANGLE: glXGetMscRateOML failed.
[27474:27474:1002/022233.432228:ERROR:ui/gl/egl_util.cc:92] EGL Driver message (Error) eglGetMscRateANGLE: glXGetMscRateOML failed.
[27474:27474:1002/022233.449690:ERROR:ui/gl/egl_util.cc:92] EGL Driver message (Error) eglGetMscRateANGLE: glXGetMscRateOML failed.
[27474:27474:1002/022544.489052:ERROR:ui/gl/egl_util.cc:92] EGL Driver message (Error) eglGetMscRateANGLE: glXGetMscRateOML failed.
[27474:27474:1002/022544.494955:ERROR:ui/gl/egl_util.cc:92] EGL Driver message (Error) eglGetMscRateANGLE: glXGetMscRateOML failed.
[27474:27474:1002/022544.499785:ERROR:ui/gl/egl_util.cc:92] EGL Driver message (Error) eglGetMscRateANGLE: glXGetMscRateOML failed.
[27474:27474:1002/022546.876778:ERROR:ui/gl/egl_util.cc:92] EGL Driver message (Error) eglGetMscRateANGLE: glXGetMscRateOML failed.
[27474:27474:1002/022547.544211:ERROR:ui/gl/egl_util.cc:92] EGL Driver message (Error) eglGetMscRateANGLE: glXGetMscRateOML failed.
[27474:27474:1002/022547.559911:ERROR:ui/gl/egl_util.cc:92] EGL Driver message (Error) eglGetMscRateANGLE: glXGetMscRateOML failed.
[27474:27474:1002/022547.612680:ERROR:ui/gl/egl_util.cc:92] EGL Driver message (Error) eglGetMscRateANGLE: glXGetMscRateOML failed.
[27474:27474:1002/022554.356647:ERROR:ui/gl/egl_util.cc:92] EGL Driver message (Error) eglGetMscRateANGLE: glXGetMscRateOML failed.
[27474:27474:1002/022554.377185:ERROR:ui/gl/egl_util.cc:92] EGL Driver message (Error) eglGetMscRateANGLE: glXGetMscRateOML failed.
[27474:27474:1002/022554.396477:ERROR:ui/gl/egl_util.cc:92] EGL Driver message (Error) eglGetMscRateANGLE: glXGetMscRateOML failed.
[27474:27474:1002/022554.411756:ERROR:ui/gl/egl_util.cc:92] EGL Driver message (Error) eglGetMscRateANGLE: glXGetMscRateOML failed.
[27474:27474:1002/022554.423988:ERROR:ui/gl/egl_util.cc:92] EGL Driver message (Error) eglGetMscRateANGLE: glXGetMscRateOML failed.
[27474:27474:1002/022554.437399:ERROR:ui/gl/egl_util.cc:92] EGL Driver message (Error) eglGetMscRateANGLE: glXGetMscRateOML failed.
[27474:27474:1002/022554.461742:ERROR:ui/gl/egl_util.cc:92] EGL Driver message (Error) eglGetMscRateANGLE: glXGetMscRateOML failed.
[27474:27474:1002/022554.485888:ERROR:ui/gl/egl_util.cc:92] EGL Driver message (Error) eglGetMscRateANGLE: glXGetMscRateOML failed.
[27474:27474:1002/022554.514836:ERROR:ui/gl/egl_util.cc:92] EGL Driver message (Error) eglGetMscRateANGLE: glXGetMscRateOML failed.
[27474:27474:1002/022554.526468:ERROR:ui/gl/egl_util.cc:92] EGL Driver message (Error) eglGetMscRateANGLE: glXGetMscRateOML failed.
[27474:27474:1002/022554.550489:ERROR:ui/gl/egl_util.cc:92] EGL Driver message (Error) eglGetMscRateANGLE: glXGetMscRateOML failed.
[27474:27474:1002/022554.568080:ERROR:ui/gl/egl_util.cc:92] EGL Driver message (Error) eglGetMscRateANGLE: glXGetMscRateOML failed.
[27474:27474:1002/022554.583222:ERROR:ui/gl/egl_util.cc:92] EGL Driver message (Error) eglGetMscRateANGLE: glXGetMscRateOML failed.
[27474:27474:1002/022554.609657:ERROR:ui/gl/egl_util.cc:92] EGL Driver message (Error) eglGetMscRateANGLE: glXGetMscRateOML failed.
[27474:27474:1002/022554.641091:ERROR:ui/gl/egl_util.cc:92] EGL Driver message (Error) eglGetMscRateANGLE: glXGetMscRateOML failed.
[27474:27474:1002/022554.674887:ERROR:ui/gl/egl_util.cc:92] EGL Driver message (Error) eglGetMscRateANGLE: glXGetMscRateOML failed.
[27474:27474:1002/022554.700163:ERROR:ui/gl/egl_util.cc:92] EGL Driver message (Error) eglGetMscRateANGLE: glXGetMscRateOML failed.
[27474:27474:1002/022554.730036:ERROR:ui/gl/egl_util.cc:92] EGL Driver message (Error) eglGetMscRateANGLE: glXGetMscRateOML failed.
[27474:27474:1002/022554.763227:ERROR:ui/gl/egl_util.cc:92] EGL Driver message (Error) eglGetMscRateANGLE: glXGetMscRateOML failed.
[27474:27474:1002/022554.780011:ERROR:ui/gl/egl_util.cc:92] EGL Driver message (Error) eglGetMscRateANGLE: glXGetMscRateOML failed.
[27474:27474:1002/022554.787707:ERROR:ui/gl/egl_util.cc:92] EGL Driver message (Error) eglGetMscRateANGLE: glXGetMscRateOML failed.
[27474:27474:1002/022554.818989:ERROR:ui/gl/egl_util.cc:92] EGL Driver message (Error) eglGetMscRateANGLE: glXGetMscRateOML failed.
[27474:27474:1002/022554.855115:ERROR:ui/gl/egl_util.cc:92] EGL Driver message (Error) eglGetMscRateANGLE: glXGetMscRateOML failed.
[27474:27474:1002/022554.869409:ERROR:ui/gl/egl_util.cc:92] EGL Driver message (Error) eglGetMscRateANGLE: glXGetMscRateOML failed.
[27474:27474:1002/022554.876312:ERROR:ui/gl/egl_util.cc:92] EGL Driver message (Error) eglGetMscRateANGLE: glXGetMscRateOML failed.
[27474:27474:1002/022554.907756:ERROR:ui/gl/egl_util.cc:92] EGL Driver message (Error) eglGetMscRateANGLE: glXGetMscRateOML failed.
[27474:27474:1002/022554.927542:ERROR:ui/gl/egl_util.cc:92] EGL Driver message (Error) eglGetMscRateANGLE: glXGetMscRateOML failed.
[27474:27474:1002/022554.946207:ERROR:ui/gl/egl_util.cc:92] EGL Driver message (Error) eglGetMscRateANGLE: glXGetMscRateOML failed.
[27474:27474:1002/022554.957416:ERROR:ui/gl/egl_util.cc:92] EGL Driver message (Error) eglGetMscRateANGLE: glXGetMscRateOML failed.
[27474:27474:1002/022554.962844:ERROR:ui/gl/egl_util.cc:92] EGL Driver message (Error) eglGetMscRateANGLE: glXGetMscRateOML failed.
[27474:27474:1002/022554.998944:ERROR:ui/gl/egl_util.cc:92] EGL Driver message (Error) eglGetMscRateANGLE: glXGetMscRateOML failed.
[27474:27474:1002/022555.032688:ERROR:ui/gl/egl_util.cc:92] EGL Driver message (Error) eglGetMscRateANGLE: glXGetMscRateOML failed.
[27474:27474:1002/022647.094799:ERROR:ui/gl/egl_util.cc:92] EGL Driver message (Error) eglGetMscRateANGLE: glXGetMscRateOML failed.
[27474:27474:1002/022647.128409:ERROR:ui/gl/egl_util.cc:92] EGL Driver message (Error) eglGetMscRateANGLE: glXGetMscRateOML failed.
[27474:27474:1002/022650.134634:ERROR:ui/gl/egl_util.cc:92] EGL Driver message (Error) eglGetMscRateANGLE: glXGetMscRateOML failed.
[27474:27474:1002/022650.153708:ERROR:ui/gl/egl_util.cc:92] EGL Driver message (Error) eglGetMscRateANGLE: glXGetMscRateOML failed.
[27474:27474:1002/022650.306618:ERROR:ui/gl/egl_util.cc:92] EGL Driver message (Error) eglGetMscRateANGLE: glXGetMscRateOML failed.
[27474:27474:1002/022650.331404:ERROR:ui/gl/egl_util.cc:92] EGL Driver message (Error) eglGetMscRateANGLE: glXGetMscRateOML failed.
[27474:27474:1002/022652.474832:ERROR:ui/gl/egl_util.cc:92] EGL Driver message (Error) eglGetMscRateANGLE: glXGetMscRateOML failed.
[27474:27474:1002/022652.944461:ERROR:ui/gl/egl_util.cc:92] EGL Driver message (Error) eglGetMscRateANGLE: glXGetMscRateOML failed.
[27474:27474:1002/022652.959740:ERROR:ui/gl/egl_util.cc:92] EGL Driver message (Error) eglGetMscRateANGLE: glXGetMscRateOML failed.
[27474:27474:1002/022652.969761:ERROR:ui/gl/egl_util.cc:92] EGL Driver message (Error) eglGetMscRateANGLE: glXGetMscRateOML failed.
[27474:27474:1002/022652.985858:ERROR:ui/gl/egl_util.cc:92] EGL Driver message (Error) eglGetMscRateANGLE: glXGetMscRateOML failed.
[27474:27474:1002/022653.002082:ERROR:ui/gl/egl_util.cc:92] EGL Driver message (Error) eglGetMscRateANGLE: glXGetMscRateOML failed.
[27474:27474:1002/022653.021954:ERROR:ui/gl/egl_util.cc:92] EGL Driver message (Error) eglGetMscRateANGLE: glXGetMscRateOML failed.
[27474:27474:1002/022653.042684:ERROR:ui/gl/egl_util.cc:92] EGL Driver message (Error) eglGetMscRateANGLE: glXGetMscRateOML failed.
[27474:27474:1002/022655.720821:ERROR:ui/gl/egl_util.cc:92] EGL Driver message (Error) eglGetMscRateANGLE: glXGetMscRateOML failed.
[27474:27474:1002/022655.744253:ERROR:ui/gl/egl_util.cc:92] EGL Driver message (Error) eglGetMscRateANGLE: glXGetMscRateOML failed.
[27474:27474:1002/022655.753621:ERROR:ui/gl/egl_util.cc:92] EGL Driver message (Error) eglGetMscRateANGLE: glXGetMscRateOML failed.
[27474:27474:1002/022656.841981:ERROR:ui/gl/egl_util.cc:92] EGL Driver message (Error) eglGetMscRateANGLE: glXGetMscRateOML failed.
[27474:27474:1002/022951.154077:ERROR:ui/gl/egl_util.cc:92] EGL Driver message (Error) eglGetMscRateANGLE: glXGetMscRateOML failed.
[27474:27474:1002/022951.159580:ERROR:ui/gl/egl_util.cc:92] EGL Driver message (Error) eglGetMscRateANGLE: glXGetMscRateOML failed.
[27474:27474:1002/022951.778440:ERROR:ui/gl/egl_util.cc:92] EGL Driver message (Error) eglGetMscRateANGLE: glXGetMscRateOML failed.
[27474:27474:1002/022951.806639:ERROR:ui/gl/egl_util.cc:92] EGL Driver message (Error) eglGetMscRateANGLE: glXGetMscRateOML failed.
[27474:27474:1002/022951.823028:ERROR:ui/gl/egl_util.cc:92] EGL Driver message (Error) eglGetMscRateANGLE: glXGetMscRateOML failed.
[27474:27474:1002/022951.840338:ERROR:ui/gl/egl_util.cc:92] EGL Driver message (Error) eglGetMscRateANGLE: glXGetMscRateOML failed.
[27474:27474:1002/022951.863428:ERROR:ui/gl/egl_util.cc:92] EGL Driver message (Error) eglGetMscRateANGLE: glXGetMscRateOML failed.
[27474:27474:1002/022951.880830:ERROR:ui/gl/egl_util.cc:92] EGL Driver message (Error) eglGetMscRateANGLE: glXGetMscRateOML failed.
[27474:27474:1002/022951.903422:ERROR:ui/gl/egl_util.cc:92] EGL Driver message (Error) eglGetMscRateANGLE: glXGetMscRateOML failed.
[27474:27474:1002/022953.617536:ERROR:ui/gl/egl_util.cc:92] EGL Driver message (Error) eglGetMscRateANGLE: glXGetMscRateOML failed.
[27474:27474:1002/022953.624864:ERROR:ui/gl/egl_util.cc:92] EGL Driver message (Error) eglGetMscRateANGLE: glXGetMscRateOML failed.
[27474:27474:1002/022954.335719:ERROR:ui/gl/egl_util.cc:92] EGL Driver message (Error) eglGetMscRateANGLE: glXGetMscRateOML failed.
[27474:27474:1002/022954.353791:ERROR:ui/gl/egl_util.cc:92] EGL Driver message (Error) eglGetMscRateANGLE: glXGetMscRateOML failed.
[27474:27474:1002/022956.713296:ERROR:ui/gl/egl_util.cc:92] EGL Driver message (Error) eglGetMscRateANGLE: glXGetMscRateOML failed.
[27474:27474:1002/022957.174542:ERROR:ui/gl/egl_util.cc:92] EGL Driver message (Error) eglGetMscRateANGLE: glXGetMscRateOML failed.
[27474:27474:1002/022957.184180:ERROR:ui/gl/egl_util.cc:92] EGL Driver message (Error) eglGetMscRateANGLE: glXGetMscRateOML failed.
[27474:27474:1002/022957.194772:ERROR:ui/gl/egl_util.cc:92] EGL Driver message (Error) eglGetMscRateANGLE: glXGetMscRateOML failed.
[27474:27474:1002/022959.792389:ERROR:ui/gl/egl_util.cc:92] EGL Driver message (Error) eglGetMscRateANGLE: glXGetMscRateOML failed.
[27474:27474:1002/023000.041875:ERROR:ui/gl/egl_util.cc:92] EGL Driver message (Error) eglGetMscRateANGLE: glXGetMscRateOML failed.
[27474:27474:1002/023000.046974:ERROR:ui/gl/egl_util.cc:92] EGL Driver message (Error) eglGetMscRateANGLE: glXGetMscRateOML failed.
[27474:27474:1002/023000.053772:ERROR:ui/gl/egl_util.cc:92] EGL Driver message (Error) eglGetMscRateANGLE: glXGetMscRateOML failed.
[27474:27474:1002/023000.063655:ERROR:ui/gl/egl_util.cc:92] EGL Driver message (Error) eglGetMscRateANGLE: glXGetMscRateOML failed.
[27474:27474:1002/023002.854405:ERROR:ui/gl/egl_util.cc:92] EGL Driver message (Error) eglGetMscRateANGLE: glXGetMscRateOML failed.
[27474:27474:1002/023002.872873:ERROR:ui/gl/egl_util.cc:92] EGL Driver message (Error) eglGetMscRateANGLE: glXGetMscRateOML failed.
[27474:27474:1002/023002.874033:ERROR:ui/gl/egl_util.cc:92] EGL Driver message (Error) eglGetMscRateANGLE: glXGetMscRateOML failed.
[27474:27474:1002/023002.891822:ERROR:ui/gl/egl_util.cc:92] EGL Driver message (Error) eglGetMscRateANGLE: glXGetMscRateOML failed.
[27474:27474:1002/023002.908364:ERROR:ui/gl/egl_util.cc:92] EGL Driver message (Error) eglGetMscRateANGLE: glXGetMscRateOML failed.
[27474:27474:1002/023002.923916:ERROR:ui/gl/egl_util.cc:92] EGL Driver message (Error) eglGetMscRateANGLE: glXGetMscRateOML failed.
[27474:27474:1002/023002.941713:ERROR:ui/gl/egl_util.cc:92] EGL Driver message (Error) eglGetMscRateANGLE: glXGetMscRateOML failed.
[27474:27474:1002/023002.953373:ERROR:ui/gl/egl_util.cc:92] EGL Driver message (Error) eglGetMscRateANGLE: glXGetMscRateOML failed.
[27474:27474:1002/023002.957952:ERROR:ui/gl/egl_util.cc:92] EGL Driver message (Error) eglGetMscRateANGLE: glXGetMscRateOML failed.
[27474:27474:1002/023002.974530:ERROR:ui/gl/egl_util.cc:92] EGL Driver message (Error) eglGetMscRateANGLE: glXGetMscRateOML failed.
[27474:27474:1002/023002.986284:ERROR:ui/gl/egl_util.cc:92] EGL Driver message (Error) eglGetMscRateANGLE: glXGetMscRateOML failed.
[27474:27474:1002/023002.990943:ERROR:ui/gl/egl_util.cc:92] EGL Driver message (Error) eglGetMscRateANGLE: glXGetMscRateOML failed.
[27474:27474:1002/023003.006642:ERROR:ui/gl/egl_util.cc:92] EGL Driver message (Error) eglGetMscRateANGLE: glXGetMscRateOML failed.
[27474:27474:1002/023003.007933:ERROR:ui/gl/egl_util.cc:92] EGL Driver message (Error) eglGetMscRateANGLE: glXGetMscRateOML failed.
[27474:27474:1002/023003.020010:ERROR:ui/gl/egl_util.cc:92] EGL Driver message (Error) eglGetMscRateANGLE: glXGetMscRateOML failed.
[27474:27474:1002/023003.029883:ERROR:ui/gl/egl_util.cc:92] EGL Driver message (Error) eglGetMscRateANGLE: glXGetMscRateOML failed.
[27474:27474:1002/023037.413596:ERROR:ui/gl/egl_util.cc:92] EGL Driver message (Error) eglGetMscRateANGLE: glXGetMscRateOML failed.
[27474:27474:1002/023037.418083:ERROR:ui/gl/egl_util.cc:92] EGL Driver message (Error) eglGetMscRateANGLE: glXGetMscRateOML failed.
[27474:27474:1002/023039.812480:ERROR:ui/gl/egl_util.cc:92] EGL Driver message (Error) eglGetMscRateANGLE: glXGetMscRateOML failed.
[27474:27474:1002/023039.818155:ERROR:ui/gl/egl_util.cc:92] EGL Driver message (Error) eglGetMscRateANGLE: glXGetMscRateOML failed.
[27474:27474:1002/023040.639785:ERROR:ui/gl/egl_util.cc:92] EGL Driver message (Error) eglGetMscRateANGLE: glXGetMscRateOML failed.
[27474:27474:1002/023040.678250:ERROR:ui/gl/egl_util.cc:92] EGL Driver message (Error) eglGetMscRateANGLE: glXGetMscRateOML failed.
[27474:27474:1002/023040.847134:ERROR:ui/gl/egl_util.cc:92] EGL Driver message (Error) eglGetMscRateANGLE: glXGetMscRateOML failed.
[27474:27474:1002/023043.456781:ERROR:ui/gl/egl_util.cc:92] EGL Driver message (Error) eglGetMscRateANGLE: glXGetMscRateOML failed.
[27474:27474:1002/023046.089897:ERROR:ui/gl/egl_util.cc:92] EGL Driver message (Error) eglGetMscRateANGLE: glXGetMscRateOML failed.
[27474:27474:1002/023046.097809:ERROR:ui/gl/egl_util.cc:92] EGL Driver message (Error) eglGetMscRateANGLE: glXGetMscRateOML failed.
[27474:27474:1002/023046.107183:ERROR:ui/gl/egl_util.cc:92] EGL Driver message (Error) eglGetMscRateANGLE: glXGetMscRateOML failed.
[27474:27474:1002/023046.123050:ERROR:ui/gl/egl_util.cc:92] EGL Driver message (Error) eglGetMscRateANGLE: glXGetMscRateOML failed.
[27282:27448:1002/023948.905219:ERROR:google_apis/gcm/engine/connection_factory_impl.cc:434] Failed to connect to MCS endpoint with error -105
X connection to :0 broken (explicit kill or server shutdown).
